Using pre-set license
Built from '2020.2/release' branch; Version is '2020.2.4f1 (becced5a802b) revision 12504301'; Using compiler version '192528614'; Build Type 'Release'
OS: 'Windows 10 Home; OS build 19041.867; Version 2004; 64bit' Language: 'en' Physical Memory: 8126 MB
BatchMode: 1, IsHumanControllingUs: 0, StartBugReporterOnCrash: 0, Is64bit: 1, IsPro: 0

 COMMAND LINE ARGUMENTS:
C:\Program Files\Unity\Hub\Editor\2020.2.4f1\Editor\Unity.exe
-adb2
-batchMode
-noUpm
-name
AssetImportWorker0
-projectPath
D:/TuskboyAGP/BountyHeart
-logFile
Logs/AssetImportWorker0.log
-srvPort
51310
Successfully changed project path to: D:/TuskboyAGP/BountyHeart
D:/TuskboyAGP/BountyHeart
Using Asset Import Pipeline V2.
Refreshing native plugins compatible for Editor in 58.44 ms, found 1 plugins.
Preloading 0 native plugins for Editor in 0.00 ms.
Initialize engine version: 2020.2.4f1 (becced5a802b)
[Subsystems] Discovering subsystems at path C:/Program Files/Unity/Hub/Editor/2020.2.4f1/Editor/Data/Resources/UnitySubsystems
[Subsystems] Discovering subsystems at path D:/TuskboyAGP/BountyHeart/Assets
GfxDevice: creating device client; threaded=0
Direct3D:
    Version:  Direct3D 11.0 [level 11.1]
    Renderer: NVIDIA GeForce GTX 1060 6GB (ID=0x1c03)
    Vendor:   
    VRAM:     6052 MB
    Driver:   27.21.14.5671
Initialize mono
Mono path[0] = 'C:/Program Files/Unity/Hub/Editor/2020.2.4f1/Editor/Data/Managed'
Mono path[1] = 'C:/Program Files/Unity/Hub/Editor/2020.2.4f1/Editor/Data/MonoBleedingEdge/lib/mono/unityjit'
Mono config path = 'C:/Program Files/Unity/Hub/Editor/2020.2.4f1/Editor/Data/MonoBleedingEdge/etc'
Using monoOptions --debugger-agent=transport=dt_socket,embedding=1,server=y,suspend=n,address=127.0.0.1:56568
Begin MonoManager ReloadAssembly
Registering precompiled unity dll's ...
Register platform support module: C:/Program Files/Unity/Hub/Editor/2020.2.4f1/Editor/Data/PlaybackEngines/MacStandaloneSupport/UnityEditor.OSXStandalone.Extensions.dll
Register platform support module: C:/Program Files/Unity/Hub/Editor/2020.2.4f1/Editor/Data/PlaybackEngines/WindowsStandaloneSupport/UnityEditor.WindowsStandalone.Extensions.dll
Registered in 0.002968 seconds.
Native extension for WindowsStandalone target not found
Native extension for OSXStandalone target not found
Refreshing native plugins compatible for Editor in 56.23 ms, found 1 plugins.
Preloading 0 native plugins for Editor in 0.00 ms.
Invoked RoslynAnalysisRunner static constructor.
RoslynAnalysisRunner will not be running.
RoslynAnalysisRunner has terminated.
Mono: successfully reloaded assembly
- Completed reload, in  1.377 seconds
Platform modules already initialized, skipping
Registering precompiled user dll's ...
Registered in 0.001513 seconds.
Begin MonoManager ReloadAssembly
Native extension for WindowsStandalone target not found
Native extension for OSXStandalone target not found
Refreshing native plugins compatible for Editor in 56.57 ms, found 1 plugins.
Preloading 0 native plugins for Editor in 0.00 ms.
Invoked RoslynAnalysisRunner static constructor.
RoslynAnalysisRunner will not be running.
RoslynAnalysisRunner has terminated.
Mono: successfully reloaded assembly
- Completed reload, in  1.084 seconds
Platform modules already initialized, skipping
========================================================================
Worker process is ready to serve import requests
Launched and connected shader compiler UnityShaderCompiler.exe after 0.16 seconds
Refreshing native plugins compatible for Editor in 0.56 ms, found 1 plugins.
Preloading 0 native plugins for Editor in 0.00 ms.
Unloading 1821 Unused Serialized files (Serialized files now loaded: 0)
System memory in use before: 86.9 MB.
System memory in use after: 86.9 MB.

Unloading 24 unused Assets to reduce memory usage. Loaded Objects now: 2263.
Total: 2.181200 ms (FindLiveObjects: 0.200400 ms CreateObjectMapping: 0.083600 ms MarkObjects: 1.755600 ms  DeleteObjects: 0.140300 ms)

========================================================================
Received Import Request.
  path: Assets/Prefabs/empty_space.prefab
  artifactKey: Guid(a53ee7293c54f034592fd9b8bb36b475) Importer(815301076,1909f56bfc062723c751e8b465ee728b)
Start importing Assets/Prefabs/empty_space.prefab using Guid(a53ee7293c54f034592fd9b8bb36b475) Importer(815301076,1909f56bfc062723c751e8b465ee728b)  -> (artifact id: '0f4d58a813dcd448579532f907f63eda') in 0.088405 seconds
  Import took 0.114763 seconds .

========================================================================
Received Import Request.
  Time since last request: 617.278761 seconds.
  path: Assets/Art/hearticon_1.png
  artifactKey: Guid(95078c754fcba4c479cd14d85268f484) Importer(815301076,1909f56bfc062723c751e8b465ee728b)
Start importing Assets/Art/hearticon_1.png using Guid(95078c754fcba4c479cd14d85268f484) Importer(815301076,1909f56bfc062723c751e8b465ee728b)  -> (artifact id: 'a5f43590854cfe00343423fc79437208') in 0.181311 seconds
  Import took 0.202296 seconds .

========================================================================
Received Prepare
Registering precompiled user dll's ...
Registered in 0.007662 seconds.
Begin MonoManager ReloadAssembly
Native extension for WindowsStandalone target not found
Native extension for OSXStandalone target not found
Refreshing native plugins compatible for Editor in 0.49 ms, found 1 plugins.
Preloading 0 native plugins for Editor in 0.00 ms.
Invoked RoslynAnalysisRunner static constructor.
RoslynAnalysisRunner will not be running.
RoslynAnalysisRunner has terminated.
Mono: successfully reloaded assembly
- Completed reload, in  1.008 seconds
Platform modules already initialized, skipping
Switching build target platform(5) subTarget(0) extendedPlatform(0) -> platform(9) subTarget(16777218) extendedPlatform(0)
Refreshing native plugins compatible for Editor in 0.66 ms, found 1 plugins.
Preloading 0 native plugins for Editor in 0.00 ms.
Unloading 1806 Unused Serialized files (Serialized files now loaded: 0)
System memory in use before: 88.8 MB.
System memory in use after: 88.8 MB.

Unloading 12 unused Assets to reduce memory usage. Loaded Objects now: 2272.
Total: 4.446400 ms (FindLiveObjects: 1.443000 ms CreateObjectMapping: 0.155700 ms MarkObjects: 2.695700 ms  DeleteObjects: 0.149400 ms)

AssetImportParameters requested are different than current active one (requested -> active):
  custom:graphics/normal-map-encoding: 01000000000000000000000000000000 -> 02000000000000000000000000000000
