Using pre-set license
Built from '2020.2/release' branch; Version is '2020.2.4f1 (becced5a802b) revision 12504301'; Using compiler version '192528614'; Build Type 'Release'
OS: 'Windows 10 Home; OS build 19041.928; Version 2004; 64bit' Language: 'en' Physical Memory: 8126 MB
BatchMode: 1, IsHumanControllingUs: 0, StartBugReporterOnCrash: 0, Is64bit: 1, IsPro: 0

 COMMAND LINE ARGUMENTS:
C:\Program Files\Unity\Hub\Editor\2020.2.4f1\Editor\Unity.exe
-adb2
-batchMode
-noUpm
-name
AssetImportWorker4
-projectPath
D:/TuskboyAGP/BountyHeart
-logFile
Logs/AssetImportWorker4.log
-srvPort
54965
Successfully changed project path to: D:/TuskboyAGP/BountyHeart
D:/TuskboyAGP/BountyHeart
Using Asset Import Pipeline V2.
Refreshing native plugins compatible for Editor in 67.95 ms, found 1 plugins.
Preloading 0 native plugins for Editor in 0.00 ms.
Initialize engine version: 2020.2.4f1 (becced5a802b)
[Subsystems] Discovering subsystems at path C:/Program Files/Unity/Hub/Editor/2020.2.4f1/Editor/Data/Resources/UnitySubsystems
[Subsystems] Discovering subsystems at path D:/TuskboyAGP/BountyHeart/Assets
GfxDevice: creating device client; threaded=0
Direct3D:
    Version:  Direct3D 11.0 [level 11.1]
    Renderer: NVIDIA GeForce GTX 1060 6GB (ID=0x1c03)
    Vendor:   
    VRAM:     6052 MB
    Driver:   27.21.14.5671
Initialize mono
Mono path[0] = 'C:/Program Files/Unity/Hub/Editor/2020.2.4f1/Editor/Data/Managed'
Mono path[1] = 'C:/Program Files/Unity/Hub/Editor/2020.2.4f1/Editor/Data/MonoBleedingEdge/lib/mono/unityjit'
Mono config path = 'C:/Program Files/Unity/Hub/Editor/2020.2.4f1/Editor/Data/MonoBleedingEdge/etc'
Using monoOptions --debugger-agent=transport=dt_socket,embedding=1,server=y,suspend=n,address=127.0.0.1:56824
Begin MonoManager ReloadAssembly
Registering precompiled unity dll's ...
Register platform support module: C:/Program Files/Unity/Hub/Editor/2020.2.4f1/Editor/Data/PlaybackEngines/WebGLSupport/UnityEditor.WebGL.Extensions.dll
Register platform support module: C:/Program Files/Unity/Hub/Editor/2020.2.4f1/Editor/Data/PlaybackEngines/MacStandaloneSupport/UnityEditor.OSXStandalone.Extensions.dll
Register platform support module: C:/Program Files/Unity/Hub/Editor/2020.2.4f1/Editor/Data/PlaybackEngines/WindowsStandaloneSupport/UnityEditor.WindowsStandalone.Extensions.dll
Registered in 0.115909 seconds.
Native extension for WindowsStandalone target not found
Native extension for OSXStandalone target not found
Native extension for WebGL target not found
Refreshing native plugins compatible for Editor in 71.95 ms, found 1 plugins.
Preloading 0 native plugins for Editor in 0.00 ms.
Invoked RoslynAnalysisRunner static constructor.
RoslynAnalysisRunner will not be running.
RoslynAnalysisRunner has terminated.
Mono: successfully reloaded assembly
- Completed reload, in  2.528 seconds
Platform modules already initialized, skipping
Registering precompiled user dll's ...
Registered in 0.001412 seconds.
Begin MonoManager ReloadAssembly
Native extension for WindowsStandalone target not found
Native extension for OSXStandalone target not found
Native extension for WebGL target not found
Refreshing native plugins compatible for Editor in 63.47 ms, found 1 plugins.
Preloading 0 native plugins for Editor in 0.00 ms.
Invoked RoslynAnalysisRunner static constructor.
RoslynAnalysisRunner will not be running.
RoslynAnalysisRunner has terminated.
Mono: successfully reloaded assembly
- Completed reload, in  4.480 seconds
Platform modules already initialized, skipping
========================================================================
Worker process is ready to serve import requests
Launched and connected shader compiler UnityShaderCompiler.exe after 0.37 seconds
Refreshing native plugins compatible for Editor in 0.83 ms, found 1 plugins.
Preloading 0 native plugins for Editor in 0.00 ms.
Unloading 1825 Unused Serialized files (Serialized files now loaded: 0)
System memory in use before: 87.1 MB.
System memory in use after: 87.1 MB.

Unloading 24 unused Assets to reduce memory usage. Loaded Objects now: 2270.
Total: 11.138700 ms (FindLiveObjects: 0.986500 ms CreateObjectMapping: 0.877100 ms MarkObjects: 8.753100 ms  DeleteObjects: 0.519800 ms)

========================================================================
Received Import Request.
  path: Assets/AllyInfo.cs
  artifactKey: Guid(e57c2ad708fec55459ed0c59c82b1280) Importer(815301076,1909f56bfc062723c751e8b465ee728b)
Start importing Assets/AllyInfo.cs using Guid(e57c2ad708fec55459ed0c59c82b1280) Importer(815301076,1909f56bfc062723c751e8b465ee728b)  -> (artifact id: '3e9065eb9f155c3270353b34eb0021cb') in 0.323680 seconds
  Import took 0.448326 seconds .

========================================================================
Received Import Request.
  Time since last request: 85.282645 seconds.
  path: Assets/AllyInfo.cs
  artifactKey: Guid(e57c2ad708fec55459ed0c59c82b1280) Importer(815301076,1909f56bfc062723c751e8b465ee728b)
Start importing Assets/AllyInfo.cs using Guid(e57c2ad708fec55459ed0c59c82b1280) Importer(815301076,1909f56bfc062723c751e8b465ee728b)  -> (artifact id: 'fca4f7814bf25d5b5f6c8fc7ce806326') in 0.038812 seconds
  Import took 0.877022 seconds .

========================================================================
Received Prepare
Registering precompiled user dll's ...
Registered in 0.585931 seconds.
Begin MonoManager ReloadAssembly
Native extension for WindowsStandalone target not found
Native extension for OSXStandalone target not found
Native extension for WebGL target not found
Refreshing native plugins compatible for Editor in 1.45 ms, found 1 plugins.
Preloading 0 native plugins for Editor in 0.00 ms.
Invoked RoslynAnalysisRunner static constructor.
RoslynAnalysisRunner will not be running.
RoslynAnalysisRunner has terminated.
Mono: successfully reloaded assembly
- Completed reload, in  1.789 seconds
Platform modules already initialized, skipping
Refreshing native plugins compatible for Editor in 0.71 ms, found 1 plugins.
Preloading 0 native plugins for Editor in 0.00 ms.
Unloading 1807 Unused Serialized files (Serialized files now loaded: 0)
System memory in use before: 86.1 MB.
System memory in use after: 86.1 MB.

Unloading 12 unused Assets to reduce memory usage. Loaded Objects now: 2273.
Total: 2.685000 ms (FindLiveObjects: 0.262300 ms CreateObjectMapping: 0.084300 ms MarkObjects: 2.185900 ms  DeleteObjects: 0.151100 ms)

========================================================================
Received Prepare
Registering precompiled user dll's ...
Registered in 0.057402 seconds.
Begin MonoManager ReloadAssembly
Native extension for WindowsStandalone target not found
Native extension for OSXStandalone target not found
Native extension for WebGL target not found
Refreshing native plugins compatible for Editor in 0.61 ms, found 1 plugins.
Preloading 0 native plugins for Editor in 0.00 ms.
Invoked RoslynAnalysisRunner static constructor.
RoslynAnalysisRunner will not be running.
RoslynAnalysisRunner has terminated.
Mono: successfully reloaded assembly
- Completed reload, in  1.819 seconds
Platform modules already initialized, skipping
Refreshing native plugins compatible for Editor in 1.27 ms, found 1 plugins.
Preloading 0 native plugins for Editor in 0.00 ms.
Unloading 1807 Unused Serialized files (Serialized files now loaded: 0)
System memory in use before: 86.1 MB.
System memory in use after: 86.1 MB.

Unloading 12 unused Assets to reduce memory usage. Loaded Objects now: 2276.
Total: 3.290700 ms (FindLiveObjects: 0.230300 ms CreateObjectMapping: 0.073700 ms MarkObjects: 2.841900 ms  DeleteObjects: 0.142900 ms)

========================================================================
Received Import Request.
  Time since last request: 229.363006 seconds.
  path: Assets/Prefabs/GridManager.prefab
  artifactKey: Guid(e83d8e15cc39152499678b8efc8a8dbe) Importer(815301076,1909f56bfc062723c751e8b465ee728b)
Start importing Assets/Prefabs/GridManager.prefab using Guid(e83d8e15cc39152499678b8efc8a8dbe) Importer(815301076,1909f56bfc062723c751e8b465ee728b)  -> (artifact id: 'a8edeb00503f7601f254319b0186ad33') in 2.261312 seconds
  Import took 2.343299 seconds .

========================================================================
Received Import Request.
  Time since last request: 0.318323 seconds.
  path: Assets/Prefabs/Canvas.prefab
  artifactKey: Guid(a287a8b5491ab7b4f89845c842fd21c5) Importer(815301076,1909f56bfc062723c751e8b465ee728b)
Start importing Assets/Prefabs/Canvas.prefab using Guid(a287a8b5491ab7b4f89845c842fd21c5) Importer(815301076,1909f56bfc062723c751e8b465ee728b)  -> (artifact id: '4bc93202b1d55ff66b7c9191a43252fe') in 0.025447 seconds
  Import took 0.074581 seconds .

========================================================================
Received Import Request.
  Time since last request: 0.000260 seconds.
  path: Assets/Prefabs/Tuskboy_Ally_icon.prefab
  artifactKey: Guid(a08b863ccf44e62419efaa97677f4c3d) Importer(815301076,1909f56bfc062723c751e8b465ee728b)
Start importing Assets/Prefabs/Tuskboy_Ally_icon.prefab using Guid(a08b863ccf44e62419efaa97677f4c3d) Importer(815301076,1909f56bfc062723c751e8b465ee728b)  -> (artifact id: 'a5499321e603ce4c9ff7a8c09445da4c') in 0.202008 seconds
  Import took 0.234608 seconds .

========================================================================
Received Import Request.
  Time since last request: 0.000272 seconds.
  path: Assets/Prefabs/Tobunga_Ally_Icon.prefab
  artifactKey: Guid(c9ef1251fc14b1347bedfc8d74ae219d) Importer(815301076,1909f56bfc062723c751e8b465ee728b)
Start importing Assets/Prefabs/Tobunga_Ally_Icon.prefab using Guid(c9ef1251fc14b1347bedfc8d74ae219d) Importer(815301076,1909f56bfc062723c751e8b465ee728b)  -> (artifact id: '0be016efa565860f60dbd68622d42080') in 0.032234 seconds
  Import took 0.069946 seconds .

========================================================================
Received Import Request.
  Time since last request: 0.000383 seconds.
  path: Assets/Prefabs/Sashimi_Ally_Icon.prefab
  artifactKey: Guid(b1f272eba435c6e4fbeb2a40cf291f63) Importer(815301076,1909f56bfc062723c751e8b465ee728b)
Start importing Assets/Prefabs/Sashimi_Ally_Icon.prefab using Guid(b1f272eba435c6e4fbeb2a40cf291f63) Importer(815301076,1909f56bfc062723c751e8b465ee728b)  -> (artifact id: '21b786cd0fb41a465fccd4078b9e10b5') in 0.644819 seconds
  Import took 0.677414 seconds .

========================================================================
Received Import Request.
  Time since last request: 22.238193 seconds.
  path: Assets/Prefabs/Tuskboy_Ally_icon.prefab
  artifactKey: Guid(a08b863ccf44e62419efaa97677f4c3d) Importer(815301076,1909f56bfc062723c751e8b465ee728b)
Start importing Assets/Prefabs/Tuskboy_Ally_icon.prefab using Guid(a08b863ccf44e62419efaa97677f4c3d) Importer(815301076,1909f56bfc062723c751e8b465ee728b)  -> (artifact id: '4b32abdfeb0e657186c2e95fae9f5373') in 0.137304 seconds
  Import took 0.218250 seconds .

========================================================================
Received Import Request.
  Time since last request: 15.958780 seconds.
  path: Assets/Prefabs/Tuskboy_Ally_icon.prefab
  artifactKey: Guid(a08b863ccf44e62419efaa97677f4c3d) Importer(815301076,1909f56bfc062723c751e8b465ee728b)
Start importing Assets/Prefabs/Tuskboy_Ally_icon.prefab using Guid(a08b863ccf44e62419efaa97677f4c3d) Importer(815301076,1909f56bfc062723c751e8b465ee728b)  -> (artifact id: '969acee67210910aa2d65a69820bffea') in 0.035357 seconds
  Import took 0.109593 seconds .

========================================================================
Received Import Request.
  Time since last request: 12.271000 seconds.
  path: Assets/Prefabs/Tobunga_Ally_Icon.prefab
  artifactKey: Guid(c9ef1251fc14b1347bedfc8d74ae219d) Importer(815301076,1909f56bfc062723c751e8b465ee728b)
Start importing Assets/Prefabs/Tobunga_Ally_Icon.prefab using Guid(c9ef1251fc14b1347bedfc8d74ae219d) Importer(815301076,1909f56bfc062723c751e8b465ee728b)  -> (artifact id: 'b5fa96358c482edfb72c54da86fd1949') in 0.063414 seconds
  Import took 0.090743 seconds .

========================================================================
Received Import Request.
  Time since last request: 2.325939 seconds.
  path: Assets/Prefabs/Sashimi_Ally_Icon.prefab
  artifactKey: Guid(b1f272eba435c6e4fbeb2a40cf291f63) Importer(815301076,1909f56bfc062723c751e8b465ee728b)
Start importing Assets/Prefabs/Sashimi_Ally_Icon.prefab using Guid(b1f272eba435c6e4fbeb2a40cf291f63) Importer(815301076,1909f56bfc062723c751e8b465ee728b)  -> (artifact id: 'd4b9e6aa887655902a0fb997c3c03a45') in 0.047945 seconds
  Import took 0.075208 seconds .

========================================================================
Received Import Request.
  Time since last request: 2.483042 seconds.
  path: Assets/Prefabs/Sashimi_Ally_Icon.prefab
  artifactKey: Guid(b1f272eba435c6e4fbeb2a40cf291f63) Importer(815301076,1909f56bfc062723c751e8b465ee728b)
Start importing Assets/Prefabs/Sashimi_Ally_Icon.prefab using Guid(b1f272eba435c6e4fbeb2a40cf291f63) Importer(815301076,1909f56bfc062723c751e8b465ee728b)  -> (artifact id: '3012ac1532066485780d1bc16ea9ba3f') in 0.045515 seconds
  Import took 0.096912 seconds .

========================================================================
Received Prepare
Registering precompiled user dll's ...
Registered in 0.001259 seconds.
Begin MonoManager ReloadAssembly
Native extension for WindowsStandalone target not found
Native extension for OSXStandalone target not found
Native extension for WebGL target not found
Refreshing native plugins compatible for Editor in 0.51 ms, found 1 plugins.
Preloading 0 native plugins for Editor in 0.00 ms.
Invoked RoslynAnalysisRunner static constructor.
RoslynAnalysisRunner will not be running.
RoslynAnalysisRunner has terminated.
Mono: successfully reloaded assembly
- Completed reload, in  1.708 seconds
Platform modules already initialized, skipping
Refreshing native plugins compatible for Editor in 0.50 ms, found 1 plugins.
Preloading 0 native plugins for Editor in 0.00 ms.
Unloading 1807 Unused Serialized files (Serialized files now loaded: 0)
System memory in use before: 89.3 MB.
System memory in use after: 89.3 MB.

Unloading 12 unused Assets to reduce memory usage. Loaded Objects now: 2286.
Total: 3.485100 ms (FindLiveObjects: 1.187500 ms CreateObjectMapping: 0.163800 ms MarkObjects: 1.967900 ms  DeleteObjects: 0.164200 ms)

========================================================================
Received Import Request.
  Time since last request: 41.995908 seconds.
  path: Assets/Prefabs/Tuskboy_Ally_icon.prefab
  artifactKey: Guid(a08b863ccf44e62419efaa97677f4c3d) Importer(815301076,1909f56bfc062723c751e8b465ee728b)
Start importing Assets/Prefabs/Tuskboy_Ally_icon.prefab using Guid(a08b863ccf44e62419efaa97677f4c3d) Importer(815301076,1909f56bfc062723c751e8b465ee728b)  -> (artifact id: 'a661295e202271bc970de11310c3ae57') in 0.134758 seconds
  Import took 0.160721 seconds .

========================================================================
Received Prepare
Registering precompiled user dll's ...
Registered in 0.001273 seconds.
Begin MonoManager ReloadAssembly
Native extension for WindowsStandalone target not found
Native extension for OSXStandalone target not found
Native extension for WebGL target not found
Refreshing native plugins compatible for Editor in 0.55 ms, found 1 plugins.
Preloading 0 native plugins for Editor in 0.00 ms.
Invoked RoslynAnalysisRunner static constructor.
RoslynAnalysisRunner will not be running.
RoslynAnalysisRunner has terminated.
Mono: successfully reloaded assembly
- Completed reload, in  1.159 seconds
Platform modules already initialized, skipping
Refreshing native plugins compatible for Editor in 1.94 ms, found 1 plugins.
Preloading 0 native plugins for Editor in 0.00 ms.
Unloading 1807 Unused Serialized files (Serialized files now loaded: 0)
System memory in use before: 89.3 MB.
System memory in use after: 89.3 MB.

Unloading 12 unused Assets to reduce memory usage. Loaded Objects now: 2290.
Total: 2.193400 ms (FindLiveObjects: 0.223300 ms CreateObjectMapping: 0.090800 ms MarkObjects: 1.753500 ms  DeleteObjects: 0.124200 ms)

========================================================================
Received Prepare
Registering precompiled user dll's ...
Registered in 0.002067 seconds.
Begin MonoManager ReloadAssembly
Native extension for WindowsStandalone target not found
Native extension for OSXStandalone target not found
Native extension for WebGL target not found
Refreshing native plugins compatible for Editor in 0.56 ms, found 1 plugins.
Preloading 0 native plugins for Editor in 0.00 ms.
Invoked RoslynAnalysisRunner static constructor.
RoslynAnalysisRunner will not be running.
RoslynAnalysisRunner has terminated.
Mono: successfully reloaded assembly
- Completed reload, in  1.175 seconds
Platform modules already initialized, skipping
Refreshing native plugins compatible for Editor in 0.74 ms, found 1 plugins.
Preloading 0 native plugins for Editor in 0.00 ms.
Unloading 1807 Unused Serialized files (Serialized files now loaded: 0)
System memory in use before: 89.3 MB.
System memory in use after: 89.3 MB.

Unloading 12 unused Assets to reduce memory usage. Loaded Objects now: 2293.
Total: 4.808600 ms (FindLiveObjects: 0.381600 ms CreateObjectMapping: 0.344300 ms MarkObjects: 3.934300 ms  DeleteObjects: 0.146400 ms)

========================================================================
Received Prepare
Registering precompiled user dll's ...
Registered in 0.001297 seconds.
Begin MonoManager ReloadAssembly
Native extension for WindowsStandalone target not found
Native extension for OSXStandalone target not found
Native extension for WebGL target not found
Refreshing native plugins compatible for Editor in 0.53 ms, found 1 plugins.
Preloading 0 native plugins for Editor in 0.00 ms.
Invoked RoslynAnalysisRunner static constructor.
RoslynAnalysisRunner will not be running.
RoslynAnalysisRunner has terminated.
Mono: successfully reloaded assembly
- Completed reload, in  2.017 seconds
Platform modules already initialized, skipping
Refreshing native plugins compatible for Editor in 0.52 ms, found 1 plugins.
Preloading 0 native plugins for Editor in 0.00 ms.
Unloading 1807 Unused Serialized files (Serialized files now loaded: 0)
System memory in use before: 89.3 MB.
System memory in use after: 89.3 MB.

Unloading 12 unused Assets to reduce memory usage. Loaded Objects now: 2296.
Total: 2.747600 ms (FindLiveObjects: 0.289500 ms CreateObjectMapping: 0.117700 ms MarkObjects: 2.212800 ms  DeleteObjects: 0.125800 ms)

========================================================================
Received Prepare
Registering precompiled user dll's ...
Registered in 0.001268 seconds.
Begin MonoManager ReloadAssembly
Native extension for WindowsStandalone target not found
Native extension for OSXStandalone target not found
Native extension for WebGL target not found
Refreshing native plugins compatible for Editor in 0.68 ms, found 1 plugins.
Preloading 0 native plugins for Editor in 0.00 ms.
Invoked RoslynAnalysisRunner static constructor.
RoslynAnalysisRunner will not be running.
RoslynAnalysisRunner has terminated.
Mono: successfully reloaded assembly
- Completed reload, in  2.447 seconds
Platform modules already initialized, skipping
Refreshing native plugins compatible for Editor in 0.83 ms, found 1 plugins.
Preloading 0 native plugins for Editor in 0.00 ms.
Unloading 1807 Unused Serialized files (Serialized files now loaded: 0)
System memory in use before: 89.3 MB.
System memory in use after: 89.3 MB.

Unloading 12 unused Assets to reduce memory usage. Loaded Objects now: 2299.
Total: 2.391400 ms (FindLiveObjects: 0.290300 ms CreateObjectMapping: 0.090000 ms MarkObjects: 1.864000 ms  DeleteObjects: 0.120000 ms)

========================================================================
Received Import Request.
  Time since last request: 137.379729 seconds.
  path: Assets/Prefabs/empty_space.prefab
  artifactKey: Guid(a53ee7293c54f034592fd9b8bb36b475) Importer(815301076,1909f56bfc062723c751e8b465ee728b)
Start importing Assets/Prefabs/empty_space.prefab using Guid(a53ee7293c54f034592fd9b8bb36b475) Importer(815301076,1909f56bfc062723c751e8b465ee728b)  -> (artifact id: 'e74ae662ae05b068d92f3c7f9dc0a5ad') in 0.036420 seconds
  Import took 0.061321 seconds .

========================================================================
Received Import Request.
  Time since last request: 0.000378 seconds.
  path: Assets/Prefabs/Sashimi_Ally_Icon.prefab
  artifactKey: Guid(b1f272eba435c6e4fbeb2a40cf291f63) Importer(815301076,1909f56bfc062723c751e8b465ee728b)
Start importing Assets/Prefabs/Sashimi_Ally_Icon.prefab using Guid(b1f272eba435c6e4fbeb2a40cf291f63) Importer(815301076,1909f56bfc062723c751e8b465ee728b)  -> (artifact id: '953addf93933d2259db1c13a3d56d803') in 0.068366 seconds
  Import took 0.090271 seconds .

========================================================================
Received Import Request.
  Time since last request: 50.722171 seconds.
  path: Assets/Prefabs/FX/DeathFX 1.prefab
  artifactKey: Guid(23826139e7e23c547a17a27df6ec1542) Importer(815301076,1909f56bfc062723c751e8b465ee728b)
Start importing Assets/Prefabs/FX/DeathFX 1.prefab using Guid(23826139e7e23c547a17a27df6ec1542) Importer(815301076,1909f56bfc062723c751e8b465ee728b)  -> (artifact id: '233bf4df54c269be625edb91b547dc19') in 0.046362 seconds
  Import took 0.156339 seconds .

========================================================================
Received Import Request.
  Time since last request: 12.974797 seconds.
  path: Assets/Prefabs/FX/EnemyDeathFX.prefab
  artifactKey: Guid(23826139e7e23c547a17a27df6ec1542) Importer(815301076,1909f56bfc062723c751e8b465ee728b)
Start importing Assets/Prefabs/FX/EnemyDeathFX.prefab using Guid(23826139e7e23c547a17a27df6ec1542) Importer(815301076,1909f56bfc062723c751e8b465ee728b)  -> (artifact id: '7c3674d9d28fab69e887e01e26b1bf1a') in 0.090308 seconds
  Import took 0.479626 seconds .

========================================================================
Received Import Request.
  Time since last request: 3.397479 seconds.
  path: Assets/Prefabs/FX/EnemyDeathFX.prefab
  artifactKey: Guid(23826139e7e23c547a17a27df6ec1542) Importer(815301076,1909f56bfc062723c751e8b465ee728b)
Start importing Assets/Prefabs/FX/EnemyDeathFX.prefab using Guid(23826139e7e23c547a17a27df6ec1542) Importer(815301076,1909f56bfc062723c751e8b465ee728b)  -> (artifact id: '52940260e218f9e910f32313b8e8e0b5') in 0.017691 seconds
  Import took 0.049150 seconds .

========================================================================
Received Import Request.
  Time since last request: 1.147715 seconds.
  path: Assets/Prefabs/FX/EnemyDeathFX.prefab
  artifactKey: Guid(23826139e7e23c547a17a27df6ec1542) Importer(815301076,1909f56bfc062723c751e8b465ee728b)
Start importing Assets/Prefabs/FX/EnemyDeathFX.prefab using Guid(23826139e7e23c547a17a27df6ec1542) Importer(815301076,1909f56bfc062723c751e8b465ee728b)  -> (artifact id: 'a8709a4b840a50263689393499ea15ac') in 0.151438 seconds
  Import took 0.339906 seconds .

========================================================================
Received Import Request.
  Time since last request: 0.478158 seconds.
  path: Assets/Prefabs/FX/EnemyDeathFX.prefab
  artifactKey: Guid(23826139e7e23c547a17a27df6ec1542) Importer(815301076,1909f56bfc062723c751e8b465ee728b)
Start importing Assets/Prefabs/FX/EnemyDeathFX.prefab using Guid(23826139e7e23c547a17a27df6ec1542) Importer(815301076,1909f56bfc062723c751e8b465ee728b)  -> (artifact id: 'c0b5ab3ad12dfc58384f2a79374a9a96') in 0.015846 seconds
  Import took 0.026277 seconds .

========================================================================
Received Import Request.
  Time since last request: 0.387634 seconds.
  path: Assets/Prefabs/FX/EnemyDeathFX.prefab
  artifactKey: Guid(23826139e7e23c547a17a27df6ec1542) Importer(815301076,1909f56bfc062723c751e8b465ee728b)
Start importing Assets/Prefabs/FX/EnemyDeathFX.prefab using Guid(23826139e7e23c547a17a27df6ec1542) Importer(815301076,1909f56bfc062723c751e8b465ee728b)  -> (artifact id: 'e33007930b1bc0b7ea68d6929f20acee') in 0.022521 seconds
  Import took 0.027469 seconds .

========================================================================
Received Import Request.
  Time since last request: 2.989387 seconds.
  path: Assets/Prefabs/FX/EnemyDeathFX.prefab
  artifactKey: Guid(23826139e7e23c547a17a27df6ec1542) Importer(815301076,1909f56bfc062723c751e8b465ee728b)
Start importing Assets/Prefabs/FX/EnemyDeathFX.prefab using Guid(23826139e7e23c547a17a27df6ec1542) Importer(815301076,1909f56bfc062723c751e8b465ee728b)  -> (artifact id: '2ecf04ebe01ea14a033a0ec55001400f') in 0.017986 seconds
  Import took 0.042806 seconds .

========================================================================
Received Import Request.
  Time since last request: 0.058011 seconds.
  path: Assets/Prefabs/FX/EnemyDeathFX.prefab
  artifactKey: Guid(23826139e7e23c547a17a27df6ec1542) Importer(815301076,1909f56bfc062723c751e8b465ee728b)
Start importing Assets/Prefabs/FX/EnemyDeathFX.prefab using Guid(23826139e7e23c547a17a27df6ec1542) Importer(815301076,1909f56bfc062723c751e8b465ee728b)  -> (artifact id: '2ecf04ebe01ea14a033a0ec55001400f') in 0.016890 seconds
  Import took 0.043351 seconds .

========================================================================
Received Import Request.
  Time since last request: 0.538772 seconds.
  path: Assets/Prefabs/FX/EnemyDeathFX.prefab
  artifactKey: Guid(23826139e7e23c547a17a27df6ec1542) Importer(815301076,1909f56bfc062723c751e8b465ee728b)
Start importing Assets/Prefabs/FX/EnemyDeathFX.prefab using Guid(23826139e7e23c547a17a27df6ec1542) Importer(815301076,1909f56bfc062723c751e8b465ee728b)  -> (artifact id: '004225d856aa55c6eb05c1090e5f371f') in 0.320281 seconds
  Import took 0.455868 seconds .

========================================================================
Received Import Request.
  Time since last request: 0.078894 seconds.
  path: Assets/Prefabs/FX/EnemyDeathFX.prefab
  artifactKey: Guid(23826139e7e23c547a17a27df6ec1542) Importer(815301076,1909f56bfc062723c751e8b465ee728b)
Start importing Assets/Prefabs/FX/EnemyDeathFX.prefab using Guid(23826139e7e23c547a17a27df6ec1542) Importer(815301076,1909f56bfc062723c751e8b465ee728b)  -> (artifact id: '5f62f7be978845430c4ca0eb96f84349') in 0.022389 seconds
  Import took 0.044654 seconds .

========================================================================
Received Import Request.
  Time since last request: 0.056684 seconds.
  path: Assets/Prefabs/FX/EnemyDeathFX.prefab
  artifactKey: Guid(23826139e7e23c547a17a27df6ec1542) Importer(815301076,1909f56bfc062723c751e8b465ee728b)
Start importing Assets/Prefabs/FX/EnemyDeathFX.prefab using Guid(23826139e7e23c547a17a27df6ec1542) Importer(815301076,1909f56bfc062723c751e8b465ee728b)  -> (artifact id: '5f62f7be978845430c4ca0eb96f84349') in 0.018868 seconds
  Import took 0.026270 seconds .

========================================================================
Received Import Request.
  Time since last request: 5.504017 seconds.
  path: Assets/AssetStoreTools/Epic Toon FX/Materials/Misc/Skulls/skull2_AB.mat
  artifactKey: Guid(bab1fe4217d50234dad4b94da5a2227a) Importer(815301076,1909f56bfc062723c751e8b465ee728b)
Start importing Assets/AssetStoreTools/Epic Toon FX/Materials/Misc/Skulls/skull2_AB.mat using Guid(bab1fe4217d50234dad4b94da5a2227a) Importer(815301076,1909f56bfc062723c751e8b465ee728b)  -> (artifact id: 'cf74a5414561013f62dc09c2ae9020de') in 0.121723 seconds
  Import took 0.195924 seconds .

========================================================================
Received Import Request.
  Time since last request: 0.007842 seconds.
  path: Assets/AssetStoreTools/Epic Toon FX/Materials/Misc/Skulls/skull2_AB.mat
  artifactKey: Guid(bab1fe4217d50234dad4b94da5a2227a) Importer(815301076,1909f56bfc062723c751e8b465ee728b)
Start importing Assets/AssetStoreTools/Epic Toon FX/Materials/Misc/Skulls/skull2_AB.mat using Guid(bab1fe4217d50234dad4b94da5a2227a) Importer(815301076,1909f56bfc062723c751e8b465ee728b)  -> (artifact id: 'cf74a5414561013f62dc09c2ae9020de') in 0.034823 seconds
  Import took 0.041359 seconds .

========================================================================
Received Import Request.
  Time since last request: 5.384993 seconds.
  path: Assets/Prefabs/FX/EnemyDeathFX.prefab
  artifactKey: Guid(23826139e7e23c547a17a27df6ec1542) Importer(815301076,1909f56bfc062723c751e8b465ee728b)
Start importing Assets/Prefabs/FX/EnemyDeathFX.prefab using Guid(23826139e7e23c547a17a27df6ec1542) Importer(815301076,1909f56bfc062723c751e8b465ee728b)  -> (artifact id: '081718302f14524771c9a0d934a5e491') in 0.023637 seconds
  Import took 0.058303 seconds .

========================================================================
Received Import Request.
  Time since last request: 0.811835 seconds.
  path: Assets/Prefabs/FX/EnemyDeathFX.prefab
  artifactKey: Guid(23826139e7e23c547a17a27df6ec1542) Importer(815301076,1909f56bfc062723c751e8b465ee728b)
Start importing Assets/Prefabs/FX/EnemyDeathFX.prefab using Guid(23826139e7e23c547a17a27df6ec1542) Importer(815301076,1909f56bfc062723c751e8b465ee728b)  -> (artifact id: 'ebf4bc14c1ff5b91b0addda042cc759b') in 0.053975 seconds
  Import took 0.354763 seconds .

========================================================================
Received Import Request.
  Time since last request: 0.370615 seconds.
  path: Assets/Prefabs/FX/EnemyDeathFX.prefab
  artifactKey: Guid(23826139e7e23c547a17a27df6ec1542) Importer(815301076,1909f56bfc062723c751e8b465ee728b)
Start importing Assets/Prefabs/FX/EnemyDeathFX.prefab using Guid(23826139e7e23c547a17a27df6ec1542) Importer(815301076,1909f56bfc062723c751e8b465ee728b)  -> (artifact id: '8ddcd94b06eef20962ac8dc9f9754d08') in 0.027810 seconds
  Import took 0.068829 seconds .

========================================================================
Received Import Request.
  Time since last request: 10.504332 seconds.
  path: Assets/Prefabs/FX/EnemyDeathFX.prefab
  artifactKey: Guid(23826139e7e23c547a17a27df6ec1542) Importer(815301076,1909f56bfc062723c751e8b465ee728b)
Start importing Assets/Prefabs/FX/EnemyDeathFX.prefab using Guid(23826139e7e23c547a17a27df6ec1542) Importer(815301076,1909f56bfc062723c751e8b465ee728b)  -> (artifact id: 'a42cb859499696af328d50da4cb29116') in 0.025030 seconds
  Import took 0.043671 seconds .

========================================================================
Received Import Request.
  Time since last request: 1.172704 seconds.
  path: Assets/Prefabs/FX/EnemyDeathFX.prefab
  artifactKey: Guid(23826139e7e23c547a17a27df6ec1542) Importer(815301076,1909f56bfc062723c751e8b465ee728b)
Start importing Assets/Prefabs/FX/EnemyDeathFX.prefab using Guid(23826139e7e23c547a17a27df6ec1542) Importer(815301076,1909f56bfc062723c751e8b465ee728b)  -> (artifact id: '2d3ab693f8ad2c4907b842a7854aac73') in 0.016174 seconds
  Import took 0.092069 seconds .

========================================================================
Received Import Request.
  Time since last request: 7.008939 seconds.
  path: Assets/Prefabs/FX/EnemyDeathFX.prefab
  artifactKey: Guid(23826139e7e23c547a17a27df6ec1542) Importer(815301076,1909f56bfc062723c751e8b465ee728b)
Start importing Assets/Prefabs/FX/EnemyDeathFX.prefab using Guid(23826139e7e23c547a17a27df6ec1542) Importer(815301076,1909f56bfc062723c751e8b465ee728b)  -> (artifact id: 'd5cd28a3f9b286a2c6d974880f664147') in 0.029232 seconds
  Import took 0.425656 seconds .

========================================================================
Received Import Request.
  Time since last request: 2.030169 seconds.
  path: Assets/Prefabs/FX/EnemyDeathFX.prefab
  artifactKey: Guid(23826139e7e23c547a17a27df6ec1542) Importer(815301076,1909f56bfc062723c751e8b465ee728b)
Start importing Assets/Prefabs/FX/EnemyDeathFX.prefab using Guid(23826139e7e23c547a17a27df6ec1542) Importer(815301076,1909f56bfc062723c751e8b465ee728b)  -> (artifact id: '31ab4686b23437bb9b9540fe601dc94e') in 0.116842 seconds
  Import took 0.408230 seconds .

========================================================================
Received Import Request.
  Time since last request: 359.800610 seconds.
  path: Assets/Prefabs/FX/EnemyDeathFX.prefab
  artifactKey: Guid(23826139e7e23c547a17a27df6ec1542) Importer(815301076,1909f56bfc062723c751e8b465ee728b)
Start importing Assets/Prefabs/FX/EnemyDeathFX.prefab using Guid(23826139e7e23c547a17a27df6ec1542) Importer(815301076,1909f56bfc062723c751e8b465ee728b)  -> (artifact id: '99413efe1d40de2db93cc0fd5c075e6c') in 0.020358 seconds
  Import took 0.057723 seconds .

========================================================================
Received Import Request.
  Time since last request: 14.034103 seconds.
  path: Assets/Prefabs/FX/EnemyDeathFX.prefab
  artifactKey: Guid(23826139e7e23c547a17a27df6ec1542) Importer(815301076,1909f56bfc062723c751e8b465ee728b)
Start importing Assets/Prefabs/FX/EnemyDeathFX.prefab using Guid(23826139e7e23c547a17a27df6ec1542) Importer(815301076,1909f56bfc062723c751e8b465ee728b)  -> (artifact id: 'd824c4f3e5c64dd04e1323dcc9d168bc') in 0.015430 seconds
  Import took 0.121179 seconds .

========================================================================
Received Import Request.
  Time since last request: 8.068366 seconds.
  path: Assets/Prefabs/FX/EnemyDeathFX.prefab
  artifactKey: Guid(23826139e7e23c547a17a27df6ec1542) Importer(815301076,1909f56bfc062723c751e8b465ee728b)
Start importing Assets/Prefabs/FX/EnemyDeathFX.prefab using Guid(23826139e7e23c547a17a27df6ec1542) Importer(815301076,1909f56bfc062723c751e8b465ee728b)  -> (artifact id: '6ab0de40ebf14da5aa8f98f4a717c5ab') in 0.335887 seconds
  Import took 0.590666 seconds .

========================================================================
Received Import Request.
  Time since last request: 3.388552 seconds.
  path: Assets/Prefabs/FX/EnemyDeathFX.prefab
  artifactKey: Guid(23826139e7e23c547a17a27df6ec1542) Importer(815301076,1909f56bfc062723c751e8b465ee728b)
Start importing Assets/Prefabs/FX/EnemyDeathFX.prefab using Guid(23826139e7e23c547a17a27df6ec1542) Importer(815301076,1909f56bfc062723c751e8b465ee728b)  -> (artifact id: '11917ee235ce188bcb91f6900147d73b') in 0.020879 seconds
  Import took 0.054192 seconds .

========================================================================
Received Import Request.
  Time since last request: 1.867587 seconds.
  path: Assets/Prefabs/FX/EnemyDeathFX.prefab
  artifactKey: Guid(23826139e7e23c547a17a27df6ec1542) Importer(815301076,1909f56bfc062723c751e8b465ee728b)
Start importing Assets/Prefabs/FX/EnemyDeathFX.prefab using Guid(23826139e7e23c547a17a27df6ec1542) Importer(815301076,1909f56bfc062723c751e8b465ee728b)  -> (artifact id: '51e7485b44692a912a29c53eb6a1a82d') in 0.013200 seconds
  Import took 0.067736 seconds .

========================================================================
Received Import Request.
  Time since last request: 1.622871 seconds.
  path: Assets/Prefabs/FX/EnemyDeathFX.prefab
  artifactKey: Guid(23826139e7e23c547a17a27df6ec1542) Importer(815301076,1909f56bfc062723c751e8b465ee728b)
Start importing Assets/Prefabs/FX/EnemyDeathFX.prefab using Guid(23826139e7e23c547a17a27df6ec1542) Importer(815301076,1909f56bfc062723c751e8b465ee728b)  -> (artifact id: 'f51e8c32e1f30f55698b346c63da0cd6') in 0.132646 seconds
  Import took 0.272743 seconds .

========================================================================
Received Import Request.
  Time since last request: 0.827257 seconds.
  path: Assets/Prefabs/FX/EnemyDeathFX.prefab
  artifactKey: Guid(23826139e7e23c547a17a27df6ec1542) Importer(815301076,1909f56bfc062723c751e8b465ee728b)
Start importing Assets/Prefabs/FX/EnemyDeathFX.prefab using Guid(23826139e7e23c547a17a27df6ec1542) Importer(815301076,1909f56bfc062723c751e8b465ee728b)  -> (artifact id: 'df1ab08f0ff7771a5f6af454d3fd71e9') in 0.015652 seconds
  Import took 0.049233 seconds .

========================================================================
Received Import Request.
  Time since last request: 1.149958 seconds.
  path: Assets/Prefabs/FX/EnemyDeathFX.prefab
  artifactKey: Guid(23826139e7e23c547a17a27df6ec1542) Importer(815301076,1909f56bfc062723c751e8b465ee728b)
Start importing Assets/Prefabs/FX/EnemyDeathFX.prefab using Guid(23826139e7e23c547a17a27df6ec1542) Importer(815301076,1909f56bfc062723c751e8b465ee728b)  -> (artifact id: '08dcb9c130a5663d40ea5d6ab78852de') in 0.381651 seconds
  Import took 0.422720 seconds .

========================================================================
Received Import Request.
  Time since last request: 18.846908 seconds.
  path: Assets/Prefabs/FX/EnemyDeathFX.prefab
  artifactKey: Guid(23826139e7e23c547a17a27df6ec1542) Importer(815301076,1909f56bfc062723c751e8b465ee728b)
Start importing Assets/Prefabs/FX/EnemyDeathFX.prefab using Guid(23826139e7e23c547a17a27df6ec1542) Importer(815301076,1909f56bfc062723c751e8b465ee728b)  -> (artifact id: 'fd54211b3c2199734b4f97f73958de89') in 0.016015 seconds
  Import took 0.050277 seconds .

========================================================================
Received Import Request.
  Time since last request: 0.607670 seconds.
  path: Assets/Prefabs/FX/EnemyDeathFX.prefab
  artifactKey: Guid(23826139e7e23c547a17a27df6ec1542) Importer(815301076,1909f56bfc062723c751e8b465ee728b)
Start importing Assets/Prefabs/FX/EnemyDeathFX.prefab using Guid(23826139e7e23c547a17a27df6ec1542) Importer(815301076,1909f56bfc062723c751e8b465ee728b)  -> (artifact id: 'eef755e0b7cf87b62c4fbe5fd487e1fc') in 0.063410 seconds
  Import took 0.542617 seconds .

========================================================================
Received Import Request.
  Time since last request: 1.713508 seconds.
  path: Assets/Prefabs/FX/EnemyDeathFX.prefab
  artifactKey: Guid(23826139e7e23c547a17a27df6ec1542) Importer(815301076,1909f56bfc062723c751e8b465ee728b)
Start importing Assets/Prefabs/FX/EnemyDeathFX.prefab using Guid(23826139e7e23c547a17a27df6ec1542) Importer(815301076,1909f56bfc062723c751e8b465ee728b)  -> (artifact id: '4d9de99b8042541e6ee8b15e447b440c') in 0.257016 seconds
  Import took 0.637394 seconds .

========================================================================
Received Import Request.
  Time since last request: 12.709147 seconds.
  path: Assets/Prefabs/FX/EnemyDeathFX.prefab
  artifactKey: Guid(23826139e7e23c547a17a27df6ec1542) Importer(815301076,1909f56bfc062723c751e8b465ee728b)
Start importing Assets/Prefabs/FX/EnemyDeathFX.prefab using Guid(23826139e7e23c547a17a27df6ec1542) Importer(815301076,1909f56bfc062723c751e8b465ee728b)  -> (artifact id: 'd843f2f19b4fd79608eb72129811e402') in 0.044920 seconds
  Import took 0.074146 seconds .

========================================================================
Received Import Request.
  Time since last request: 7.835561 seconds.
  path: Assets/Prefabs/FX/EnemyDeathFX.prefab
  artifactKey: Guid(23826139e7e23c547a17a27df6ec1542) Importer(815301076,1909f56bfc062723c751e8b465ee728b)
Start importing Assets/Prefabs/FX/EnemyDeathFX.prefab using Guid(23826139e7e23c547a17a27df6ec1542) Importer(815301076,1909f56bfc062723c751e8b465ee728b)  -> (artifact id: 'ae270c614dd33fc309099127e8664dff') in 0.012781 seconds
  Import took 0.067175 seconds .

========================================================================
Received Import Request.
  Time since last request: 11.157545 seconds.
  path: Assets/Prefabs/FX/EnemyDeathFX.prefab
  artifactKey: Guid(23826139e7e23c547a17a27df6ec1542) Importer(815301076,1909f56bfc062723c751e8b465ee728b)
Start importing Assets/Prefabs/FX/EnemyDeathFX.prefab using Guid(23826139e7e23c547a17a27df6ec1542) Importer(815301076,1909f56bfc062723c751e8b465ee728b)  -> (artifact id: 'b617dc0f4d8290f0f005ee309b8a91fe') in 0.457614 seconds
  Import took 0.545459 seconds .

========================================================================
Received Prepare
Registering precompiled user dll's ...
Registered in 0.002072 seconds.
Begin MonoManager ReloadAssembly
Native extension for WindowsStandalone target not found
Native extension for OSXStandalone target not found
Native extension for WebGL target not found
Refreshing native plugins compatible for Editor in 0.64 ms, found 1 plugins.
Preloading 0 native plugins for Editor in 0.00 ms.
Invoked RoslynAnalysisRunner static constructor.
RoslynAnalysisRunner will not be running.
RoslynAnalysisRunner has terminated.
Mono: successfully reloaded assembly
- Completed reload, in  2.291 seconds
Platform modules already initialized, skipping
Refreshing native plugins compatible for Editor in 0.54 ms, found 1 plugins.
Preloading 0 native plugins for Editor in 0.00 ms.
Unloading 1807 Unused Serialized files (Serialized files now loaded: 0)
System memory in use before: 89.6 MB.
System memory in use after: 89.6 MB.

Unloading 12 unused Assets to reduce memory usage. Loaded Objects now: 2336.
Total: 2.568500 ms (FindLiveObjects: 0.249800 ms CreateObjectMapping: 0.083400 ms MarkObjects: 2.070100 ms  DeleteObjects: 0.162500 ms)

========================================================================
Received Prepare
Registering precompiled user dll's ...
Registered in 0.002530 seconds.
Begin MonoManager ReloadAssembly
Native extension for WindowsStandalone target not found
Native extension for OSXStandalone target not found
Native extension for WebGL target not found
Refreshing native plugins compatible for Editor in 0.56 ms, found 1 plugins.
Preloading 0 native plugins for Editor in 0.00 ms.
Invoked RoslynAnalysisRunner static constructor.
RoslynAnalysisRunner will not be running.
RoslynAnalysisRunner has terminated.
Mono: successfully reloaded assembly
- Completed reload, in  1.710 seconds
Platform modules already initialized, skipping
Refreshing native plugins compatible for Editor in 0.95 ms, found 1 plugins.
Preloading 0 native plugins for Editor in 0.00 ms.
Unloading 1807 Unused Serialized files (Serialized files now loaded: 0)
System memory in use before: 89.6 MB.
System memory in use after: 89.6 MB.

Unloading 12 unused Assets to reduce memory usage. Loaded Objects now: 2339.
Total: 2.952500 ms (FindLiveObjects: 0.448900 ms CreateObjectMapping: 0.163600 ms MarkObjects: 2.187600 ms  DeleteObjects: 0.150300 ms)

========================================================================
Received Prepare
Registering precompiled user dll's ...
Registered in 0.001673 seconds.
Begin MonoManager ReloadAssembly
Native extension for WindowsStandalone target not found
Native extension for OSXStandalone target not found
Native extension for WebGL target not found
Refreshing native plugins compatible for Editor in 0.58 ms, found 1 plugins.
Preloading 0 native plugins for Editor in 0.00 ms.
Invoked RoslynAnalysisRunner static constructor.
RoslynAnalysisRunner will not be running.
RoslynAnalysisRunner has terminated.
Mono: successfully reloaded assembly
- Completed reload, in  1.842 seconds
Platform modules already initialized, skipping
Refreshing native plugins compatible for Editor in 0.97 ms, found 1 plugins.
Preloading 0 native plugins for Editor in 0.00 ms.
Unloading 1807 Unused Serialized files (Serialized files now loaded: 0)
System memory in use before: 89.6 MB.
System memory in use after: 89.6 MB.

Unloading 12 unused Assets to reduce memory usage. Loaded Objects now: 2342.
Total: 2.364900 ms (FindLiveObjects: 0.287700 ms CreateObjectMapping: 0.080400 ms MarkObjects: 1.813200 ms  DeleteObjects: 0.182200 ms)

========================================================================
Received Prepare
Registering precompiled user dll's ...
Registered in 0.001363 seconds.
Begin MonoManager ReloadAssembly
Native extension for WindowsStandalone target not found
Native extension for OSXStandalone target not found
Native extension for WebGL target not found
Refreshing native plugins compatible for Editor in 0.53 ms, found 1 plugins.
Preloading 0 native plugins for Editor in 0.00 ms.
Invoked RoslynAnalysisRunner static constructor.
RoslynAnalysisRunner will not be running.
RoslynAnalysisRunner has terminated.
Mono: successfully reloaded assembly
- Completed reload, in  2.058 seconds
Platform modules already initialized, skipping
Refreshing native plugins compatible for Editor in 0.60 ms, found 1 plugins.
Preloading 0 native plugins for Editor in 0.00 ms.
Unloading 1807 Unused Serialized files (Serialized files now loaded: 0)
System memory in use before: 89.6 MB.
System memory in use after: 89.6 MB.

Unloading 12 unused Assets to reduce memory usage. Loaded Objects now: 2345.
Total: 2.887200 ms (FindLiveObjects: 0.219000 ms CreateObjectMapping: 0.081200 ms MarkObjects: 2.454400 ms  DeleteObjects: 0.131000 ms)

========================================================================
Received Prepare
Registering precompiled user dll's ...
Registered in 0.001326 seconds.
Begin MonoManager ReloadAssembly
Native extension for WindowsStandalone target not found
Native extension for OSXStandalone target not found
Native extension for WebGL target not found
Refreshing native plugins compatible for Editor in 2.11 ms, found 1 plugins.
Preloading 0 native plugins for Editor in 0.00 ms.
Invoked RoslynAnalysisRunner static constructor.
RoslynAnalysisRunner will not be running.
RoslynAnalysisRunner has terminated.
Mono: successfully reloaded assembly
- Completed reload, in 14.237 seconds
Platform modules already initialized, skipping
Refreshing native plugins compatible for Editor in 0.96 ms, found 1 plugins.
Preloading 0 native plugins for Editor in 0.00 ms.
Unloading 1807 Unused Serialized files (Serialized files now loaded: 0)
System memory in use before: 89.6 MB.
System memory in use after: 89.6 MB.

Unloading 12 unused Assets to reduce memory usage. Loaded Objects now: 2348.
Total: 2.922800 ms (FindLiveObjects: 0.700600 ms CreateObjectMapping: 0.147200 ms MarkObjects: 1.946700 ms  DeleteObjects: 0.126600 ms)

========================================================================
Received Prepare
Registering precompiled user dll's ...
Registered in 0.001483 seconds.
Begin MonoManager ReloadAssembly
Native extension for WindowsStandalone target not found
Native extension for OSXStandalone target not found
Native extension for WebGL target not found
Refreshing native plugins compatible for Editor in 0.53 ms, found 1 plugins.
Preloading 0 native plugins for Editor in 0.00 ms.
Invoked RoslynAnalysisRunner static constructor.
RoslynAnalysisRunner will not be running.
RoslynAnalysisRunner has terminated.
Mono: successfully reloaded assembly
- Completed reload, in  1.701 seconds
Platform modules already initialized, skipping
Refreshing native plugins compatible for Editor in 0.52 ms, found 1 plugins.
Preloading 0 native plugins for Editor in 0.00 ms.
Unloading 1807 Unused Serialized files (Serialized files now loaded: 0)
System memory in use before: 89.6 MB.
System memory in use after: 89.6 MB.

Unloading 12 unused Assets to reduce memory usage. Loaded Objects now: 2351.
Total: 3.661800 ms (FindLiveObjects: 0.223800 ms CreateObjectMapping: 0.082500 ms MarkObjects: 3.186700 ms  DeleteObjects: 0.166700 ms)

========================================================================
Received Prepare
Registering precompiled user dll's ...
Registered in 0.003767 seconds.
Begin MonoManager ReloadAssembly
Native extension for WindowsStandalone target not found
Native extension for OSXStandalone target not found
Native extension for WebGL target not found
Refreshing native plugins compatible for Editor in 0.62 ms, found 1 plugins.
Preloading 0 native plugins for Editor in 0.00 ms.
Invoked RoslynAnalysisRunner static constructor.
RoslynAnalysisRunner will not be running.
RoslynAnalysisRunner has terminated.
Mono: successfully reloaded assembly
- Completed reload, in  1.300 seconds
Platform modules already initialized, skipping
Refreshing native plugins compatible for Editor in 0.98 ms, found 1 plugins.
Preloading 0 native plugins for Editor in 0.00 ms.
Unloading 1807 Unused Serialized files (Serialized files now loaded: 0)
System memory in use before: 89.6 MB.
System memory in use after: 89.6 MB.

Unloading 12 unused Assets to reduce memory usage. Loaded Objects now: 2354.
Total: 3.306900 ms (FindLiveObjects: 0.528100 ms CreateObjectMapping: 0.120600 ms MarkObjects: 2.525200 ms  DeleteObjects: 0.130600 ms)

========================================================================
Received Prepare
Registering precompiled user dll's ...
Registered in 0.003986 seconds.
Begin MonoManager ReloadAssembly
Native extension for WindowsStandalone target not found
Native extension for OSXStandalone target not found
Native extension for WebGL target not found
Refreshing native plugins compatible for Editor in 0.83 ms, found 1 plugins.
Preloading 0 native plugins for Editor in 0.00 ms.
Invoked RoslynAnalysisRunner static constructor.
RoslynAnalysisRunner will not be running.
RoslynAnalysisRunner has terminated.
Mono: successfully reloaded assembly
- Completed reload, in  1.106 seconds
Platform modules already initialized, skipping
Refreshing native plugins compatible for Editor in 0.62 ms, found 1 plugins.
Preloading 0 native plugins for Editor in 0.00 ms.
Unloading 1807 Unused Serialized files (Serialized files now loaded: 0)
System memory in use before: 89.6 MB.
System memory in use after: 89.6 MB.

Unloading 12 unused Assets to reduce memory usage. Loaded Objects now: 2357.
Total: 3.246800 ms (FindLiveObjects: 0.282500 ms CreateObjectMapping: 0.393500 ms MarkObjects: 2.427500 ms  DeleteObjects: 0.141200 ms)

========================================================================
Received Prepare
Registering precompiled user dll's ...
Registered in 0.005022 seconds.
Begin MonoManager ReloadAssembly
Native extension for WindowsStandalone target not found
Native extension for OSXStandalone target not found
Native extension for WebGL target not found
Refreshing native plugins compatible for Editor in 0.53 ms, found 1 plugins.
Preloading 0 native plugins for Editor in 0.00 ms.
Invoked RoslynAnalysisRunner static constructor.
RoslynAnalysisRunner will not be running.
RoslynAnalysisRunner has terminated.
Mono: successfully reloaded assembly
- Completed reload, in  2.367 seconds
Platform modules already initialized, skipping
Refreshing native plugins compatible for Editor in 0.56 ms, found 1 plugins.
Preloading 0 native plugins for Editor in 0.00 ms.
Unloading 1807 Unused Serialized files (Serialized files now loaded: 0)
System memory in use before: 89.6 MB.
System memory in use after: 89.6 MB.

Unloading 12 unused Assets to reduce memory usage. Loaded Objects now: 2360.
Total: 3.896500 ms (FindLiveObjects: 0.275300 ms CreateObjectMapping: 0.092800 ms MarkObjects: 3.348000 ms  DeleteObjects: 0.178100 ms)

========================================================================
Received Prepare
Registering precompiled user dll's ...
Registered in 0.001382 seconds.
Begin MonoManager ReloadAssembly
Native extension for WindowsStandalone target not found
Native extension for OSXStandalone target not found
Native extension for WebGL target not found
Refreshing native plugins compatible for Editor in 0.89 ms, found 1 plugins.
Preloading 0 native plugins for Editor in 0.00 ms.
Invoked RoslynAnalysisRunner static constructor.
RoslynAnalysisRunner will not be running.
RoslynAnalysisRunner has terminated.
Mono: successfully reloaded assembly
- Completed reload, in  1.763 seconds
Platform modules already initialized, skipping
Refreshing native plugins compatible for Editor in 0.73 ms, found 1 plugins.
Preloading 0 native plugins for Editor in 0.00 ms.
Unloading 1807 Unused Serialized files (Serialized files now loaded: 0)
System memory in use before: 89.6 MB.
System memory in use after: 89.6 MB.

Unloading 12 unused Assets to reduce memory usage. Loaded Objects now: 2363.
Total: 2.664700 ms (FindLiveObjects: 0.282700 ms CreateObjectMapping: 0.105600 ms MarkObjects: 2.155900 ms  DeleteObjects: 0.118800 ms)

========================================================================
Received Prepare
Refreshing native plugins compatible for Editor in 3.26 ms, found 1 plugins.
Preloading 0 native plugins for Editor in 0.00 ms.
Unloading 10 Unused Serialized files (Serialized files now loaded: 0)
System memory in use before: 54.1 MB.
System memory in use after: 54.1 MB.

Unloading 10 unused Assets to reduce memory usage. Loaded Objects now: 2363.
Total: 7.353000 ms (FindLiveObjects: 0.350600 ms CreateObjectMapping: 0.098100 ms MarkObjects: 6.698600 ms  DeleteObjects: 0.202700 ms)

AssetImportWorkerClient::OnTransportError - code=2 error=End of file
